[    0.000000] Initializing cgroup subsys cpuset
[    0.000000] Initializing cgroup subsys cpu
[    0.000000] Initializing cgroup subsys cpuacct
[    0.000000] Linux version 4.4.0-166-generic (buildd@lcy01-amd64-020) (gcc version 5.4.0 20160609 (Ubuntu 5.4.0-6ubuntu1~16.04.10) ) #195-Ubuntu SMP Tue Oct 1 09:35:25 UTC 2019 (Ubuntu 4.4.0-166.195-generic 4.4.194)
[    0.000000] Command line: BOOT_IMAGE=/boot/vmlinuz-4.4.0-166-generic root=LABEL=cloudimg-rootfs ro console=tty1 console=ttyS0
[    0.000000] KERNEL supported cpus:
[    0.000000]   Intel GenuineIntel
[    0.000000]   AMD AuthenticAMD
[    0.000000]   Centaur CentaurHauls
[    0.000000] x86/fpu: xstate_offset[2]:  576, xstate_sizes[2]:  256
[    0.000000] x86/fpu: Supporting XSAVE feature 0x01: 'x87 floating point registers'
[    0.000000] x86/fpu: Supporting XSAVE feature 0x02: 'SSE registers'
[    0.000000] x86/fpu: Supporting XSAVE feature 0x04: 'AVX registers'
[    0.000000] x86/fpu: Enabled xstate features 0x7, context size is 832 bytes, using 'standard' format.
[    0.000000] e820: BIOS-provided physical RAM map:
[    0.000000] BIOS-e820: [mem 0x0000000000000000-0x000000000009fbff] usable
[    0.000000] BIOS-e820: [mem 0x000000000009fc00-0x000000000009ffff] reserved
[    0.000000] BIOS-e820: [mem 0x00000000000f0000-0x00000000000fffff] reserved
[    0.000000] BIOS-e820: [mem 0x0000000000100000-0x000000003ffeffff] usable
[    0.000000] BIOS-e820: [mem 0x000000003fff0000-0x000000003fffffff] ACPI data
[    0.000000] BIOS-e820: [mem 0x00000000fec00000-0x00000000fec00fff] reserved
[    0.000000] BIOS-e820: [mem 0x00000000fee00000-0x00000000fee00fff] reserved
[    0.000000] BIOS-e820: [mem 0x00000000fffc0000-0x00000000ffffffff] reserved
[    0.000000] NX (Execute Disable) protection: active
[    0.000000] SMBIOS 2.5 present.
[    0.000000] Hypervisor detected: KVM
[    0.000000] e820: last_pfn = 0x3fff0 max_arch_pfn = 0x400000000
[    0.000000] MTRR: Disabled
[    0.000000] x86/PAT: MTRRs disabled, skipping PAT initialization too.
[    0.000000] CPU MTRRs all blank - virtualized system.
[    0.000000] x86/PAT: Configuration [0-7]: WB  WT  UC- UC  WB  WT  UC- UC  
[    0.000000] found SMP MP-table at [mem 0x0009fff0-0x0009ffff] mapped at [ffff88000009fff0]
[    0.000000] Scanning 1 areas for low memory corruption
[    0.000000] RAMDISK: [mem 0x362f6000-0x37172fff]
[    0.000000] ACPI: Early table checksum verification disabled
[    0.000000] ACPI: RSDP 0x00000000000E0000 000024 (v02 VBOX  )
[    0.000000] ACPI: XSDT 0x000000003FFF0030 00003C (v01 VBOX   VBOXXSDT 00000001 ASL  00000061)
[    0.000000] ACPI: FACP 0x000000003FFF00F0 0000F4 (v04 VBOX   VBOXFACP 00000001 ASL  00000061)
[    0.000000] ACPI: DSDT 0x000000003FFF0470 0022EA (v02 VBOX   VBOXBIOS 00000002 INTL 20100528)
[    0.000000] ACPI: FACS 0x000000003FFF0200 000040
[    0.000000] ACPI: FACS 0x000000003FFF0200 000040
[    0.000000] ACPI: APIC 0x000000003FFF0240 00005C (v02 VBOX   VBOXAPIC 00000001 ASL  00000061)
[    0.000000] ACPI: SSDT 0x000000003FFF02A0 0001CC (v01 VBOX   VBOXCPUT 00000002 INTL 20100528)
[    0.000000] No NUMA configuration found
[    0.000000] Faking a node at [mem 0x0000000000000000-0x000000003ffeffff]
[    0.000000] NODE_DATA(0) allocated [mem 0x3ffeb000-0x3ffeffff]
[    0.000000] kvm-clock: Using msrs 4b564d01 and 4b564d00
[    0.000000] kvm-clock: cpu 0, msr 0:3ffe3001, primary cpu clock
[    0.000000] kvm-clock: using sched offset of 4142206855 cycles
[    0.000000] clocksource: kvm-clock: mask: 0xffffffffffffffff max_cycles: 0x1cd42e4dffb, max_idle_ns: 881590591483 ns
[    0.000000] Zone ranges:
[    0.000000]   DMA      [mem 0x0000000000001000-0x0000000000ffffff]
[    0.000000]   DMA32    [mem 0x0000000001000000-0x000000003ffeffff]
[    0.000000]   Normal   empty
[    0.000000]   Device   empty
[    0.000000] Movable zone start for each node
[    0.000000] Early memory node ranges
[    0.000000]   node   0: [mem 0x0000000000001000-0x000000000009efff]
[    0.000000]   node   0: [mem 0x0000000000100000-0x000000003ffeffff]
[    0.000000] Initmem setup node 0 [mem 0x0000000000001000-0x000000003ffeffff]
[    0.000000] ACPI: PM-Timer IO Port: 0x4008
[    0.000000] IOAPIC[0]: apic_id 2, version 32, address 0xfec00000, GSI 0-23
[    0.000000] ACPI: INT_SRC_OVR (bus 0 bus_irq 0 global_irq 2 dfl dfl)
[    0.000000] ACPI: INT_SRC_OVR (bus 0 bus_irq 9 global_irq 9 low level)
[    0.000000] Using ACPI (MADT) for SMP configuration information
[    0.000000] smpboot: Allowing 2 CPUs, 0 hotplug CPUs
[    0.000000] PM: Registered nosave memory: [mem 0x00000000-0x00000fff]
[    0.000000] PM: Registered nosave memory: [mem 0x0009f000-0x0009ffff]
[    0.000000] PM: Registered nosave memory: [mem 0x000a0000-0x000effff]
[    0.000000] PM: Registered nosave memory: [mem 0x000f0000-0x000fffff]
[    0.000000] e820: [mem 0x40000000-0xfebfffff] available for PCI devices
[    0.000000] Booting paravirtualized kernel on KVM
[    0.000000] clocksource: refined-jiffies: mask: 0xffffffff max_cycles: 0xffffffff, max_idle_ns: 7645519600211568 ns
[    0.000000] setup_percpu: NR_CPUS:512 nr_cpumask_bits:512 nr_cpu_ids:2 nr_node_ids:1
[    0.000000] PERCPU: Embedded 34 pages/cpu @ffff88003fc00000 s99544 r8192 d31528 u1048576
[    0.000000] Built 1 zonelists in Node order, mobility grouping on.  Total pages: 257912
[    0.000000] Policy zone: DMA32
[    0.000000] Kernel command line: BOOT_IMAGE=/boot/vmlinuz-4.4.0-166-generic root=LABEL=cloudimg-rootfs ro console=tty1 console=ttyS0
[    0.000000] PID hash table entries: 4096 (order: 3, 32768 bytes)
[    0.000000] Memory: 997712K/1048120K available (8623K kernel code, 1336K rwdata, 4036K rodata, 1488K init, 1288K bss, 50408K reserved, 0K cma-reserved)
[    0.000000] SLUB: HWalign=64, Order=0-3, MinObjects=0, CPUs=2, Nodes=1
[    0.000000] Kernel/User page tables isolation: enabled
[    0.000000] Hierarchical RCU implementation.
[    0.000000] 	Build-time adjustment of leaf fanout to 64.
[    0.000000] 	RCU restricting CPUs from NR_CPUS=512 to nr_cpu_ids=2.
[    0.000000] RCU: Adjusting geometry for rcu_fanout_leaf=64, nr_cpu_ids=2
[    0.000000] NR_IRQS:33024 nr_irqs:440 16
[    0.000000] Console: colour VGA+ 80x25
[    0.000000] console [tty1] enabled
[    0.000000] console [ttyS0] enabled
[    0.000000] tsc: Detected 2712.000 MHz processor
[    0.223786] Calibrating delay loop (skipped) preset value.. 5424.00 BogoMIPS (lpj=10848000)
[    0.226863] pid_max: default: 32768 minimum: 301
[    0.228231] ACPI: Core revision 20150930
[    0.231572] ACPI: 2 ACPI AML tables successfully acquired and loaded
[    0.234164] Security Framework initialized
[    0.235958] Yama: becoming mindful.
[    0.237481] AppArmor: AppArmor initialized
[    0.239758] Dentry cache hash table entries: 131072 (order: 8, 1048576 bytes)
[    0.244680] Inode-cache hash table entries: 65536 (order: 7, 524288 bytes)
[    0.246547] Mount-cache hash table entries: 2048 (order: 2, 16384 bytes)
[    0.248161] Mountpoint-cache hash table entries: 2048 (order: 2, 16384 bytes)
[    0.250908] Initializing cgroup subsys io
[    0.251983] Initializing cgroup subsys memory
[    0.253131] Initializing cgroup subsys devices
[    0.254310] Initializing cgroup subsys freezer
[    0.255433] Initializing cgroup subsys net_cls
[    0.256660] Initializing cgroup subsys perf_event
[    0.257904] Initializing cgroup subsys net_prio
[    0.259065] Initializing cgroup subsys hugetlb
[    0.260229] Initializing cgroup subsys pids
[    0.263057] mce: CPU supports 0 MCE banks
[    0.264123] Last level iTLB entries: 4KB 64, 2MB 8, 4MB 8
[    0.265528] Last level dTLB entries: 4KB 64, 2MB 0, 4MB 0, 1GB 4
[    0.266933] Spectre V1 : Mitigation: usercopy/swapgs barriers and __user pointer sanitization
[    0.269071] Spectre V2 : Mitigation: Full generic retpoline
[    0.270386] Spectre V2 : Spectre v2 / SpectreRSB mitigation: Filling RSB on context switch
[    0.272674] Speculative Store Bypass: Vulnerable
[    0.273980] MDS: Vulnerable: Clear CPU buffers attempted, no microcode
[    0.278961] Freeing SMP alternatives memory: 36K
[    0.287315] ftrace: allocating 32296 entries in 127 pages
[    0.378231] smpboot: APIC(0) Converting physical 0 to logical package 0
[    0.380642] smpboot: Max logical packages: 1
[    0.387834] x2apic enabled
[    0.390384] Switched APIC routing to physical x2apic.
[    0.394187] ..TIMER: vector=0x30 apic1=0 pin1=2 apic2=-1 pin2=-1
[    0.504423] smpboot: CPU0: Intel(R) Core(TM) i5-7200U CPU @ 2.50GHz (family: 0x6, model: 0x8e, stepping: 0x9)
[    0.509846] Performance Events: unsupported p6 CPU model 142 no PMU driver, software events only.
[    0.532940] KVM setup paravirtual spinlock
[    0.535591] x86: Booting SMP configuration:
[    0.537067] .... node  #0, CPUs:      #1
[    0.538990] kvm-clock: cpu 1, msr 0:3ffe3041, secondary cpu clock
[    0.543407] mce: CPU supports 0 MCE banks
[    0.546342] x86: Booted up 1 node, 2 CPUs
[    0.547820] smpboot: Total of 2 processors activated (10848.00 BogoMIPS)
[    0.550066] devtmpfs: initialized
[    0.552773] evm: security.selinux
[    0.553795] evm: security.SMACK64
[    0.555086] evm: security.SMACK64EXEC
[    0.556573] evm: security.SMACK64TRANSMUTE
[    0.558070] evm: security.SMACK64MMAP
[    0.559192] evm: security.ima
[    0.560213] evm: security.capability
[    0.562025] clocksource: jiffies: mask: 0xffffffff max_cycles: 0xffffffff, max_idle_ns: 7645041785100000 ns
[    0.566489] futex hash table entries: 512 (order: 3, 32768 bytes)
[    0.568607] pinctrl core: initialized pinctrl subsystem
[    0.570992] RTC time: 14:04:02, date: 11/02/19
[    0.575708] NET: Registered protocol family 16
[    0.590500] cpuidle: using governor ladder
[    0.601123] cpuidle: using governor menu
[    0.602365] PCCT header not found.
[    0.603545] ACPI: bus type PCI registered
[    0.604834] acpiphp: ACPI Hot Plug PCI Controller Driver version: 0.5
[    0.608012] PCI: Using configuration type 1 for base access
[    0.621946] ACPI: Added _OSI(Module Device)
[    0.623530] ACPI: Added _OSI(Processor Device)
[    0.624907] ACPI: Added _OSI(3.0 _SCP Extensions)
[    0.626194] ACPI: Added _OSI(Processor Aggregator Device)
[    0.628843] ACPI: Executed 1 blocks of module-level executable AML code
[    0.633033] ACPI: Interpreter enabled
[    0.634039] ACPI: (supports S0 S5)
[    0.635020] ACPI: Using IOAPIC for interrupt routing
[    0.636580] PCI: Using host bridge windows from ACPI; if necessary, use "pci=nocrs" and report a bug
[    0.645410] ACPI: PCI Root Bridge [PCI0] (domain 0000 [bus 00-ff])
[    0.646986] acpi PNP0A03:00: _OSC: OS supports [ASPM ClockPM Segments MSI]
[    0.648980] acpi PNP0A03:00: _OSC: not requesting OS control; OS requires [ExtendedConfig ASPM ClockPM MSI]
[    0.651444] acpi PNP0A03:00: fail to add MMCONFIG information, can't access extended PCI configuration space under this bridge.
[    0.654540] PCI host bridge to bus 0000:00
[    0.655811] pci_bus 0000:00: root bus resource [io  0x0000-0x0cf7 window]
[    0.657434] pci_bus 0000:00: root bus resource [io  0x0d00-0xffff window]
[    0.659007] pci_bus 0000:00: root bus resource [mem 0x000a0000-0x000bffff window]
[    0.660984] pci_bus 0000:00: root bus resource [mem 0x40000000-0xfdffffff window]
[    0.663243] pci_bus 0000:00: root bus resource [bus 00-ff]
[    0.667253] pci 0000:00:01.1: legacy IDE quirk: reg 0x10: [io  0x01f0-0x01f7]
[    0.668870] pci 0000:00:01.1: legacy IDE quirk: reg 0x14: [io  0x03f6]
[    0.670427] pci 0000:00:01.1: legacy IDE quirk: reg 0x18: [io  0x0170-0x0177]
[    0.672614] pci 0000:00:01.1: legacy IDE quirk: reg 0x1c: [io  0x0376]
[    0.714435] pci 0000:00:07.0: quirk: [io  0x4000-0x403f] claimed by PIIX4 ACPI
[    0.716499] pci 0000:00:07.0: quirk: [io  0x4100-0x410f] claimed by PIIX4 SMB
[    0.725662] ACPI: PCI Interrupt Link [LNKA] (IRQs 5 9 10 *11)
[    0.728420] ACPI: PCI Interrupt Link [LNKB] (IRQs 5 9 *10 11)
[    0.730563] ACPI: PCI Interrupt Link [LNKC] (IRQs 5 *9 10 11)
[    0.732451] ACPI: PCI Interrupt Link [LNKD] (IRQs 5 9 10 *11)
[    0.737622] ACPI: Enabled 2 GPEs in block 00 to 07
[    0.739801] vgaarb: setting as boot device: PCI:0000:00:02.0
[    0.741611] vgaarb: device added: PCI:0000:00:02.0,decodes=io+mem,owns=io+mem,locks=none
[    0.743757] vgaarb: loaded
[    0.744638] vgaarb: bridge control possible 0000:00:02.0
[    0.746367] SCSI subsystem initialized
[    0.747560] ACPI: bus type USB registered
[    0.748635] usbcore: registered new interface driver usbfs
[    0.750022] usbcore: registered new interface driver hub
[    0.751399] usbcore: registered new device driver usb
[    0.752901] PCI: Using ACPI for IRQ routing
[    0.754403] NetLabel: Initializing
[    0.755410] NetLabel:  domain hash size = 128
[    0.756708] NetLabel:  protocols = UNLABELED CIPSOv4
[    0.760952] NetLabel:  unlabeled traffic allowed by default
[    0.763557] amd_nb: Cannot enumerate AMD northbridges
[    0.765616] clocksource: Switched to clocksource kvm-clock
[    0.780718] AppArmor: AppArmor Filesystem Enabled
[    0.781998] pnp: PnP ACPI init
[    0.783829] pnp: PnP ACPI: found 3 devices
[    0.794975] clocksource: acpi_pm: mask: 0xffffff max_cycles: 0xffffff, max_idle_ns: 2085701024 ns
[    0.797440] NET: Registered protocol family 2
[    0.798928] TCP established hash table entries: 8192 (order: 4, 65536 bytes)
[    0.800728] TCP bind hash table entries: 8192 (order: 5, 131072 bytes)
[    0.802593] TCP: Hash tables configured (established 8192 bind 8192)
[    0.804265] UDP hash table entries: 512 (order: 2, 16384 bytes)
[    0.806099] UDP-Lite hash table entries: 512 (order: 2, 16384 bytes)
[    0.808630] NET: Registered protocol family 1
[    0.810260] pci 0000:00:00.0: Limiting direct PCI/PCI transfers
[    0.811835] pci 0000:00:01.0: Activating ISA DMA hang workarounds
[    0.813920] Unpacking initramfs...
[    1.115480] Freeing initrd memory: 14836K
[    1.116848] clocksource: tsc: mask: 0xffffffffffffffff max_cycles: 0x2717868ea45, max_idle_ns: 440795316085 ns
[    1.119817] platform rtc_cmos: registered platform RTC device (no PNP device found)
[    1.122283] Scanning for low memory corruption every 60 seconds
[    1.124533] audit: initializing netlink subsys (disabled)
[    1.126593] audit: type=2000 audit(1572703448.981:1): initialized
[    1.129085] Initialise system trusted keyring
[    1.130658] HugeTLB registered 2 MB page size, pre-allocated 0 pages
[    1.133859] zbud: loaded
[    1.135187] VFS: Disk quotas dquot_6.6.0
[    1.136485] VFS: Dquot-cache hash table entries: 512 (order 0, 4096 bytes)
[    1.138785] squashfs: version 4.0 (2009/01/31) Phillip Lougher
[    1.142189] fuse init (API version 7.23)
[    1.143595] Key type big_key registered
[    1.144819] Allocating IMA MOK and blacklist keyrings.
[    1.148713] Key type asymmetric registered
[    1.149814] Asymmetric key parser 'x509' registered
[    1.151267] Block layer SCSI generic (bsg) driver version 0.4 loaded (major 249)
[    1.153535] io scheduler noop registered
[    1.154804] io scheduler deadline registered (default)
[    1.156336] io scheduler cfq registered
[    1.157468] pci_hotplug: PCI Hot Plug PCI Core version: 0.5
[    1.158865] pciehp: PCI Express Hot Plug Controller Driver version: 0.4
[    1.160535] ACPI: AC Adapter [AC] (on-line)
[    1.161678] input: Power Button as /devices/LNXSYSTM:00/LNXPWRBN:00/input/input0
[    1.163787] ACPI: Power Button [PWRF]
[    1.165570] input: Sleep Button as /devices/LNXSYSTM:00/LNXSLPBN:00/input/input1
[    1.168228] ACPI: Sleep Button [SLPF]
[    1.169630] GHES: HEST is not enabled!
[    1.170426] ACPI: Battery Slot [BAT0] (battery present)
[    1.174158] Serial: 8250/16550 driver, 32 ports, IRQ sharing enabled
[    1.196733] 00:02: ttyS0 at I/O 0x3f8 (irq = 4, base_baud = 115200) is a 16550A
[    1.203583] Linux agpgart interface v0.103
[    1.208038] loop: module loaded
[    1.209576] scsi host0: ata_piix
[    1.210688] scsi host1: ata_piix
[    1.211645] ata1: PATA max UDMA/33 cmd 0x1f0 ctl 0x3f6 bmdma 0xd000 irq 14
[    1.213259] ata2: PATA max UDMA/33 cmd 0x170 ctl 0x376 bmdma 0xd008 irq 15
[    1.215011] libphy: Fixed MDIO Bus: probed
[    1.216432] tun: Universal TUN/TAP device driver, 1.6
[    1.217841] tun: (C) 1999-2004 Max Krasnyansky <maxk@qualcomm.com>
[    1.219552] PPP generic driver version 2.4.2
[    1.220892] ehci_hcd: USB 2.0 'Enhanced' Host Controller (EHCI) Driver
[    1.222584] ehci-pci: EHCI PCI platform driver
[    1.223741] ehci-platform: EHCI generic platform driver
[    1.225031] ohci_hcd: USB 1.1 'Open' Host Controller (OHCI) Driver
[    1.226715] ohci-pci: OHCI PCI platform driver
[    1.227883] ohci-platform: OHCI generic platform driver
[    1.229176] uhci_hcd: USB Universal Host Controller Interface driver
[    1.230790] i8042: PNP: PS/2 Controller [PNP0303:PS2K,PNP0f03:PS2M] at 0x60,0x64 irq 1,12
[    1.233652] serio: i8042 KBD port at 0x60,0x64 irq 1
[    1.235440] serio: i8042 AUX port at 0x60,0x64 irq 12
[    1.237782] mousedev: PS/2 mouse device common for all mice
[    1.241400] input: AT Translated Set 2 keyboard as /devices/platform/i8042/serio0/input/input2
[    1.244373] rtc_cmos rtc_cmos: rtc core: registered rtc_cmos as rtc0
[    1.246194] rtc_cmos rtc_cmos: alarms up to one day, 114 bytes nvram
[    1.248250] i2c /dev entries driver
[    1.249352] device-mapper: uevent: version 1.0.3
[    1.250797] device-mapper: ioctl: 4.34.0-ioctl (2015-10-28) initialised: dm-devel@redhat.com
[    1.253132] ledtrig-cpu: registered to indicate activity on CPUs
[    1.255935] NET: Registered protocol family 10
[    1.257696] NET: Registered protocol family 17
[    1.259192] Key type dns_resolver registered
[    1.261388] registered taskstats version 1
[    1.262724] Loading compiled-in X.509 certificates
[    1.264561] Loaded X.509 cert 'Build time autogenerated kernel key: 75bc1b51278a37d3abb49bab6b1b0161a6cc9ec0'
[    1.267634] zswap: loaded using pool lzo/zbud
[    1.271193] Key type trusted registered
[    1.278327] Key type encrypted registered
[    1.279531] AppArmor: AppArmor sha1 policy hashing enabled
[    1.281019] ima: No TPM chip found, activating TPM-bypass!
[    1.282856] ima: Allocated hash algorithm: sha1
[    1.285248] evm: HMAC attrs: 0x1
[    1.286752]   Magic number: 11:178:80
[    1.288111] rtc_cmos rtc_cmos: setting system clock to 2019-11-02 14:04:03 UTC (1572703443)
[    1.290624] BIOS EDD facility v0.16 2004-Jun-25, 0 devices found
[    1.292139] EDD information not available.
[    1.372110] Freeing unused kernel memory: 1488K
[    1.375084] Write protecting the kernel read-only data: 14336k
[    1.378151] Freeing unused kernel memory: 1604K
[    1.380029] Freeing unused kernel memory: 60K
Loading, please wait...
starting version 229
[    1.400434] random: systemd-udevd: uninitialized urandom read (16 bytes read, 3 bits of entropy available)
[    1.401285] random: udevadm: uninitialized urandom read (16 bytes read, 3 bits of entropy available)
[    1.401311] random: udevadm: uninitialized urandom read (16 bytes read, 3 bits of entropy available)
[    1.412503] random: systemd-udevd: uninitialized urandom read (16 bytes read, 3 bits of entropy available)
[    1.412847] random: udevadm: uninitialized urandom read (16 bytes read, 3 bits of entropy available)
[    1.412889] random: udevadm: uninitialized urandom read (16 bytes read, 3 bits of entropy available)
[    1.413032] random: udevadm: uninitialized urandom read (16 bytes read, 3 bits of entropy available)
[    1.413083] random: udevadm: uninitialized urandom read (16 bytes read, 3 bits of entropy available)
[    1.413136] random: udevadm: uninitialized urandom read (16 bytes read, 3 bits of entropy available)
[    1.413219] random: udevadm: uninitialized urandom read (16 bytes read, 3 bits of entropy available)
[    1.490390] e1000: Intel(R) PRO/1000 Network Driver - version 7.3.21-k8-NAPI
[    1.492094] e1000: Copyright (c) 1999-2006 Intel Corporation.
[    1.493662] Fusion MPT base driver 3.04.20
[    1.495403] Copyright (c) 1999-2008 LSI Corporation
[    1.503517] Fusion MPT SPI Host driver 3.04.20
[    1.522035] AVX2 version of gcm_enc/dec engaged.
[    1.523877] AES CTR mode by8 optimization enabled
[    1.711584] input: ImExPS/2 Generic Explorer Mouse as /devices/platform/i8042/serio1/input/input4
[    1.960306] e1000 0000:00:03.0 eth0: (PCI:33MHz:32-bit) 02:95:cf:22:ea:76
[    1.962003] e1000 0000:00:03.0 eth0: Intel(R) PRO/1000 Network Connection
[    1.971824] e1000 0000:00:03.0 enp0s3: renamed from eth0
[    1.974068] mptbase: ioc0: Initiating bringup
[    2.038619] ioc0: LSI53C1030 A0: Capabilities={Initiator}
[    2.201674] scsi host2: ioc0: LSI53C1030 A0, FwRev=00000000h, Ports=1, MaxQ=256, IRQ=20
[    2.315283] scsi 2:0:0:0: Direct-Access     VBOX     HARDDISK         1.0  PQ: 0 ANSI: 5
[    2.318330] scsi target2:0:0: Beginning Domain Validation
[    2.323021] scsi target2:0:0: Domain Validation skipping write tests
[    2.325475] scsi target2:0:0: Ending Domain Validation
[    2.327493] scsi target2:0:0: asynchronous
[    2.330112] scsi 2:0:1:0: Direct-Access     VBOX     HARDDISK         1.0  PQ: 0 ANSI: 5
[    2.332801] scsi target2:0:1: Beginning Domain Validation
[    2.337469] scsi target2:0:1: Domain Validation skipping write tests
[    2.340081] scsi target2:0:1: Ending Domain Validation
[    2.341746] scsi target2:0:1: asynchronous
[    2.364945] sd 2:0:0:0: [sda] 167772160 512-byte logical blocks: (85.9 GB/80.0 GiB)
[    2.365328] sd 2:0:0:0: Attached scsi generic sg0 type 0
[    2.365627] sd 2:0:1:0: Attached scsi generic sg1 type 0
[    2.366425] sd 2:0:1:0: [sdb] 20480 512-byte logical blocks: (10.5 MB/10.0 MiB)
[    2.366643] sd 2:0:1:0: [sdb] Write Protect is off
[    2.366800] sd 2:0:1:0: [sdb] Incomplete mode parameter data
[    2.366801] sd 2:0:1:0: [sdb] Assuming drive cache: write through
[    2.379154] sd 2:0:0:0: [sda] Write Protect is off
[    2.380906] sd 2:0:0:0: [sda] Incomplete mode parameter data
[    2.382510] sd 2:0:0:0: [sda] Assuming drive cache: write through
[    2.435115]  sda: sda1
[    2.437781] sd 2:0:0:0: [sda] Attached SCSI disk
[    2.444551] sd 2:0:1:0: [sdb] Attached SCSI disk
Begin: Loading essential drivers ... [    4.084973] md: linear personality registered for level -1
[    4.089790] md: multipath personality registered for level -4
[    4.096033] md: raid0 personality registered for level 0
[    4.102467] md: raid1 personality registered for level 1
[    4.173758] raid6: sse2x1   gen()  8167 MB/s
[    4.245816] raid6: sse2x1   xor()  7094 MB/s
[    4.313954] raid6: sse2x2   gen() 10609 MB/s
[    4.382084] raid6: sse2x2   xor()  7901 MB/s
[    4.450427] raid6: sse2x4   gen() 12386 MB/s
[    4.518099] raid6: sse2x4   xor()  9306 MB/s
[    4.585972] raid6: avx2x1   gen() 20002 MB/s
[    4.653768] raid6: avx2x2   gen() 21609 MB/s
[    4.722659] raid6: avx2x4   gen() 23295 MB/s
[    4.723849] raid6: using algorithm avx2x4 gen() 23295 MB/s
[    4.725526] raid6: using avx2x2 recovery algorithm
[    4.728340] xor: automatically using best checksumming function:
[    4.765673]    avx       : 21885.000 MB/sec
[    4.768149] async_tx: api initialized (async)
[    4.781103] md: raid6 personality registered for level 6
[    4.782733] md: raid5 personality registered for level 5
[    4.784162] md: raid4 personality registered for level 4
[    4.793214] md: raid10 personality registered for level 10
done.
Begin: Running /scripts/init-premount ... done.
Begin: Mounting root file system ... Begin: Running /scripts/local-top ... done.
Begin: Running /scripts/local-premount ... [    4.831269] Btrfs loaded
Scanning for Btrfs filesystems
done.
Warning: fsck not present, so skipping root file system
[    4.944967] EXT4-fs (sda1): mounted filesystem with ordered data mode. Opts: (null)
done.
Begin: Running /scripts/local-bottom ... done.
Begin: Running /scripts/init-bottom ... done.
[    5.514275] systemd[1]: systemd 229 running in system mode. (+PAM +AUDIT +SELINUX +IMA +APPARMOR +SMACK +SYSVINIT +UTMP +LIBCRYPTSETUP +GCRYPT +GNUTLS +ACL +XZ -LZ4 +SECCOMP +BLKID +ELFUTILS +KMOD -IDN)
[    5.519170] systemd[1]: Detected virtualization oracle.
[    5.520677] systemd[1]: Detected architecture x86-64.

Welcome to [1mUbuntu 16.04.6 LTS[0m!

[    5.576378] systemd[1]: Set hostname to <ubuntu>.
[    5.613071] systemd[1]: Initializing machine ID from random generator.
[    5.615006] systemd[1]: Installed transient /etc/machine-id file.
[    5.859246] random: nonblocking pool is initialized
[    6.668298] systemd[1]: Created slice System Slice.
[[0;32m  OK  [0m] Created slice System Slice.
[    6.678577] systemd[1]: Reached target Swap.
[[0;32m  OK  [0m] Reached target Swap.
[    6.681012] systemd[1]: Listening on LVM2 metadata daemon socket.
[[0;32m  OK  [0m] Listening on LVM2 metadata daemon socket.
[    6.684120] systemd[1]: Listening on Journal Socket.
[[0;32m  OK  [0m] Listening on Journal Socket.
[    6.686263] systemd[1]: Listening on Device-mapper event daemon FIFOs.
[[0;32m  OK  [0m] Listening on Device-mapper event daemon FIFOs.
[    6.706059] systemd[1]: Starting Monitoring of LVM2 mirrors, snapshots etc. using dmeventd or progress polling...
         Starting Monitoring of LVM2 mirrors... dmeventd or progress polling...
[    6.711103] systemd[1]: Starting Nameserver information manager...
         Starting Nameserver information manager...
[    6.713919] systemd[1]: Listening on LVM2 poll daemon socket.
[[0;32m  OK  [0m] Listening on LVM2 poll daemon socket.
[    6.722597] systemd[1]: Started Trigger resolvconf update for networkd DNS.
[[0;32m  OK  [0m] Started Trigger resolvconf update for networkd DNS.
[    6.726036] systemd[1]: Listening on Journal Socket (/dev/log).
[[0;32m  OK  [0m] Listening on Journal Socket (/dev/log).
[    6.729252] systemd[1]: Reached target System Time Synchronized.
[[0;32m  OK  [0m] Reached target System Time Synchronized.
[    6.732380] systemd[1]: Started Forward Password Requests to Wall Directory Watch.
[[0;32m  OK  [0m] Started Forward Password Requests to Wall Directory Watch.
[    6.754035] systemd[1]: Starting Set console keymap...
         Starting Set console keymap...
[    6.822059] systemd[1]: Starting Load Kernel Modules...
         Starting Load Kernel Modules...
[    6.824681] systemd[1]: Listening on /dev/initctl Compatibility Named Pipe.
[[0;32m  OK  [0m] Listening on /dev/initctl Compatibility Named Pipe.
[    6.835599] systemd[1]: Starting Remount Root and Kernel File Systems...
         Starting Remount Root and Kernel File Systems...
[    6.840227] systemd[1]: Listening on udev Kernel Socket.
[[0;32m  OK  [0m] Listening on udev Kernel Socket.
[    6.842621] systemd[1]: Listening on udev Control Socket.
[[0;32m  OK  [0m] Listening on udev Control Socket.
[    6.862268] systemd[1]: Mounting Debug File System...
         Mounting Debug File System...
[    6.870862] systemd[1]: Created slice system-serial\x2dgetty.slice.
[[0;32m  OK  [0m] Created slice system-serial\x2dgetty.slice.
[    6.879691] systemd[1]: Created slice User and Session Slice.
[[0;32m  OK  [0m] Created slice User and Session Slice.
[    6.882785] systemd[1]: Reached target Slices.
[[0;32m  OK  [0m] Reached target Slices.
[    6.886438] systemd[1]: Mounting POSIX Message Queue File System...
         Mounting POSIX Message Queue File System...
[    6.889928] systemd[1]: Reached target User and Group Name Lookups.
[[0;32m  OK  [0m] Reached target User and Group Name Lookups.
[    6.894610] EXT4-fs (sda1): re-mounted. Opts: (null)
[    6.895070] systemd[1]: Starting Create list of required static device nodes for the current kernel...
         Starting Create list of required st... nodes for the current kernel...
[    6.902142] systemd[1]: Listening on Journal Audit Socket.
[[0;32m  OK  [0m] Listening on Journal Audit Socket.
[    6.925927] systemd[1]: Starting Uncomplicated firewall...
         Starting Uncomplicated firewall...
[    6.929825] systemd[1]: Reached target Encrypted Volumes.
[[0;32m  OK  [0m] Reached target Encrypted Volumes.
[    6.938074] systemd[1]: Set up automount Arbitrary Executable File Formats File System Automount Point.
[[0;32m  OK  [0m] Set up automount Arbitrary Executab...ats File System Automount Point.
[    6.954953] Loading iSCSI transport class v2.0-870.
[    6.970964] systemd[1]: Listening on Syslog Socket.
[[0;32m  OK  [0m] Listening on Syslog Socket.
[    6.986501] systemd[1]: Starting Journal Service...
         Starting Journal Service...
[    6.989996] systemd[1]: Mounting Huge Pages File System...
         Mounting Huge Pages File System...
[    6.995899] systemd[1]: Mounted POSIX Message Queue File System.
[[0;32m  OK  [0m] Mounted POSIX Message Queue File System.
[    6.999342] systemd[1]: Mounted Huge Pages File System.
[[0;32m  OK  [0m] Mounted Huge Pages File System.
[    7.001769] systemd[1]: Mounted Debug File System.
[[0;32m  OK  [0m] Mounted Debug File System.
[    7.004978] systemd[1]: Started Set console keymap.
[[0;32m  OK  [0m] Started Set console keymap.
[    7.014603] systemd[1]: Started Remount Root and Kernel File Systems.
[    7.017277] iscsi: registered transport (tcp)
[[0;32m  OK  [0m] Started Remount Root and Kernel File Systems.
[    7.020966] systemd[1]: Started Create list of required static device nodes for the current kernel.
[[0;32m  OK  [0m] Started Create list of required sta...ce nodes for the current kernel.
[    7.026294] systemd[1]: Started Uncomplicated firewall.
[[0;32m  OK  [0m] Started Uncomplicated firewall.
[    7.034764] systemd[1]: Started Nameserver information manager.
[[0;32m  OK  [0m] Started Nameserver information manager.
[    7.098199] systemd[1]: Started LVM2 metadata daemon.
[[0;32m  OK  [0m] Started LVM2 metadata daemon.
[    7.107833] systemd[1]: Starting Create Static Device Nodes in /dev...
         Starting Create Static Device Nodes in /dev...
[    7.112695] systemd[1]: Starting Load/Save Random Seed...
         Starting Load/Save Random Seed...
[    7.190527] systemd[1]: Starting udev Coldplug all Devices...
         Starting udev Coldplug all Devices...
[    7.194387] systemd[1]: Started Load/Save Random Seed.
[[0;32m  OK  [0m] Started Load/Save Random Seed.
[    7.388539] systemd[1]: Started Journal Service.
[[0;32m  OK  [0m] Started Journal Service.
         Starting Flush Journal to Persistent Storage...
[[0;32m  OK  [0m] Started udev Coldplug all Devices.
[    7.448271] iscsi: registered transport (iser)
[[0;32m  OK  [0m] Started Load Kernel Modules.
         Mounting FUSE Control File System...
         Starting Apply Kernel Variables...
[[0;32m  OK  [0m] Mounted FUSE Control File System.
[    7.553940] systemd-journald[401]: Received request to flush runtime journal from PID 1
[[0;32m  OK  [0m] Started Flush Journal to Persistent Storage.
[[0;32m  OK  [0m] Started Apply Kernel Variables.
[[0;32m  OK  [0m] Started Monitoring of LVM2 mirrors,...ng dmeventd or progress polling.
[[0;32m  OK  [0m] Started Create Static Device Nodes in /dev.
         Starting udev Kernel Device Manager...
[[0;32m  OK  [0m] Reached target Local File Systems (Pre).
[[0;32m  OK  [0m] Reached target Local File Systems.
         Starting Create Volatile Files and Directories...
         Starting Tell Plymouth To Write Out Runtime Data...
         Starting Commit a transient machine-id on disk...
         Starting LSB: AppArmor initialization...
         Starting Set console font and keymap...
         Starting Initial cloud-init job (pre-networking)...
[[0;32m  OK  [0m] Started Commit a transient machine-id on disk.
[[0;32m  OK  [0m] Started Tell Plymouth To Write Out Runtime Data.
[[0;32m  OK  [0m] Started Create Volatile Files and Directories.
         Starting Update UTMP about System Boot/Shutdown...
[[0;32m  OK  [0m] Started Update UTMP about System Boot/Shutdown.
[[0;32m  OK  [0m] Started Set console font and keymap.
[[0;32m  OK  [0m] Created slice system-getty.slice.
[[0;32m  OK  [0m] Started udev Kernel Device Manager.
[[0;32m  OK  [0m] Started Dispatch Password Requests to Console Directory Watch.
[[0;32m  OK  [0m] Found device /dev/ttyS0.
[[0;32m  OK  [0m] Listening on Load/Save RF Kill Switch Status /dev/rfkill Watch.
[[0;32m  OK  [0m] Started LSB: AppArmor initialization.
[   14.791195] cloud-init[475]: Cloud-init v. 19.2-36-g059d049c-0ubuntu2~16.04.1 running 'init-local' at Sat, 02 Nov 2019 14:04:16 +0000. Up 14.10 seconds.
[[0;32m  OK  [0m] Started Initial cloud-init job (pre-networking).
[[0;32m  OK  [0m] Reached target Network (Pre).
         Starting Raise network interfaces...
[[0;32m  OK  [0m] Started Raise network interfaces.
         Starting Initial cloud-init job (metadata service crawler)...
[[0;32m  OK  [0m] Reached target Network.
[   19.441452] cloud-init[953]: Cloud-init v. 19.2-36-g059d049c-0ubuntu2~16.04.1 running 'init' at Sat, 02 Nov 2019 14:04:18 +0000. Up 15.69 seconds.
[   19.452503] cloud-init[953]: ci-info: ++++++++++++++++++++++++++++++++++++++Net device info++++++++++++++++++++++++++++++++++++++
[   19.459170] cloud-init[953]: ci-info: +--------+------+----------------------------+---------------+--------+-------------------+
[   19.461927] cloud-init[953]: ci-info: | Device |  Up  |          Address           |      Mask     | Scope  |     Hw-Address    |
[   19.464463] cloud-init[953]: ci-info: +--------+------+----------------------------+---------------+--------+-------------------+
[   19.467814] cloud-init[953]: ci-info: | enp0s3 | True |         10.0.2.15          | 255.255.255.0 | global | 02:95:cf:22:ea:76 |
[   19.470493] cloud-init[953]: ci-info: | enp0s3 | True | fe80::95:cfff:fe22:ea76/64 |       .       |  link  | 02:95:cf:22:ea:76 |
[   19.473509] cloud-init[953]: ci-info: |   lo   | True |         127.0.0.1          |   255.0.0.0   |  host  |         .         |
[   19.476754] cloud-init[953]: ci-info: |   lo   | True |          ::1/128           |       .       |  host  |         .         |
[   19.479521] cloud-init[953]: ci-info: +--------+------+----------------------------+---------------+--------+-------------------+
[   19.482616] cloud-init[953]: ci-info: +++++++++++++++++++++++++++Route IPv4 info++++++++++++++++++++++++++++
[   19.492634] cloud-init[953]: ci-info: +-------+-------------+----------+---------------+-----------+-------+
[   19.496519] cloud-init[953]: ci-info: | Route | Destination | Gateway  |    Genmask    | Interface | Flags |
[   19.500297] cloud-init[953]: ci-info: +-------+-------------+----------+---------------+-----------+-------+
[   19.513150] cloud-init[953]: ci-info: |   0   |   0.0.0.0   | 10.0.2.2 |    0.0.0.0    |   enp0s3  |   UG  |
[   19.515960] cloud-init[953]: ci-info: |   1   |   10.0.2.0  | 0.0.0.0  | 255.255.255.0 |   enp0s3  |   U   |
[   19.518377] cloud-init[953]: ci-info: +-------+-------------+----------+---------------+-----------+-------+
[   19.521040] cloud-init[953]: ci-info: +++++++++++++++++++Route IPv6 info+++++++++++++++++++
[   19.523256] cloud-init[953]: ci-info: +-------+-------------+---------+-----------+-------+
[   19.525807] cloud-init[953]: ci-info: | Route | Destination | Gateway | Interface | Flags |
[   19.527979] cloud-init[953]: ci-info: +-------+-------------+---------+-----------+-------+
[   19.530714] cloud-init[953]: ci-info: |   0   |  fe80::/64  |    ::   |   enp0s3  |   U   |
[   19.533048] cloud-init[953]: ci-info: |   3   |   ff00::/8  |    ::   |   enp0s3  |   U   |
[   19.535339] cloud-init[953]: ci-info: +-------+-------------+---------+-----------+-------+
[   19.537630] cloud-init[953]: Generating public/private rsa key pair.
[   19.539537] cloud-init[953]: Your identification has been saved in /etc/ssh/ssh_host_rsa_key.
[   19.543125] cloud-init[953]: Your public key has been saved in /etc/ssh/ssh_host_rsa_key.pub.
[   19.545736] cloud-init[953]: The key fingerprint is:
[   19.547603] cloud-init[953]: SHA256:nBwjmBdB6b5nAPPJRtmiziKegpUb1AvslcK/5N5SaKE root@ubuntu-xenial
[   19.550513] cloud-init[953]: The key's randomart image is:
[   19.552481] cloud-init[953]: +---[RSA 2048]----+
[   19.554253] cloud-init[953]: |     .+o         |
[   19.556223] cloud-init[953]: |     o..         |
[   19.558508] cloud-init[953]: | o .ooooo        |
[   19.559727] cloud-init[953]: |  * B.=+.+       |
[   19.561328] cloud-init[953]: | o B % oS        |
[   19.562451] cloud-init[953]: |  E B O          |
[   19.563619] cloud-init[953]: |.. O + o         |
[   19.564893] cloud-init[953]: |+ + *.. o        |
[   19.566052] cloud-init[953]: |o+ o...o         |
[   19.567174] cloud-init[953]: +----[SHA256]-----+
[   19.568285] cloud-init[953]: Generating public/private dsa key pair.
[   19.570067] cloud-init[953]: Your identification has been saved in /etc/ssh/ssh_host_dsa_key.
[   19.572350] cloud-init[953]: Your public key has been saved in /etc/ssh/ssh_host_dsa_key.pub.
[   19.575293] cloud-init[953]: The key fingerprint is:
[   19.576825] cloud-init[953]: SHA256:iB31LfQjpwqqYt6+p9SHncX0ZlcKNErDgFseCz9vI2o root@ubuntu-xenial
[   19.579418] cloud-init[953]: The key's randomart image is:
[   19.581159] cloud-init[953]: +---[DSA 1024]----+
[   19.582819] cloud-init[953]: |      ..+o.o     |
[   19.584908] cloud-init[953]: |     o +.++o.    |
[   19.587576] cloud-init[953]: |      B oo+.=  . |
[   19.590171] cloud-init[953]: |     + Bo .=..o  |
[   19.598074] cloud-init[953]: |    . + So.+ o   |
[   19.599634] cloud-init[953]: |    ..ooo=o .    |
[   19.601353] cloud-init[953]: |   ..o.++ .      |
[   19.602918] cloud-init[953]: |..o. E.          |
[   19.604417] cloud-init[953]: |ooo==            |
[   19.605807] cloud-init[953]: +----[SHA256]-----+
[   19.608292] cloud-init[953]: Generating public/private ecdsa key pair.
[   19.610979] cloud-init[953]: Your identification has been saved in /etc/ssh/ssh_host_ecdsa_key.
[   19.613454] cloud-init[953]: Your public key has been saved in /etc/ssh/ssh_host_ecdsa_key.pub.
[   19.616003] cloud-init[953]: The key fingerprint is:
[   19.618244] cloud-init[953]: SHA256:ehscGSdhFdSpOv1mkSA30m1TI2Je8X9hscxuOryKAUk root@ubuntu-xenial
[   19.621416] cloud-init[953]: The key's randomart image is:
[   19.623075] cloud-init[953]: +---[ECDSA 256]---+
[   19.625716] cloud-init[953]: |        oo+o.o . |
[   19.627451] cloud-init[953]: |       . .o =.= o|
[   19.629259] cloud-init[953]: |       Eo+.= o.B |
[   19.630804] cloud-init[953]: |      . +=B + o..|
[   19.632180] cloud-init[953]: |       oS* + o oo|
[   19.633970] cloud-init[953]: |       o+.. + o .|
[   19.635584] cloud-init[953]: |      . +o . =   |
[   19.637301] cloud-init[953]: |       . oo + o  |
[[0;32m  OK  [0m] Started Initial cloud-init job (metadata service crawler).
[   19.650696] cloud-init[953]: |        .. +..   |
[   19.653315] cloud-init[953]: +----[SHA256]-----+
[   19.654235] cloud-init[953]: Generating public/private ed25519 key pair.
[   19.655458] cloud-init[953]: Your identification has been saved in /etc/ssh/ssh_host_ed25519_key.
[[0;32m  OK  [0m] Reached target Network is Online.
[   19.679463] cloud-init[953]: Your public key has been saved in /etc/ssh/ssh_host_ed25519_key.pub.
[   19.682137] cloud-init[953]: The key fingerprint is:
[   19.683147] cloud-init[953]: SHA256:KT63j3q17aAx2aOXZk0GTWoGItE9iqiT8M65O/62v5o root@ubuntu-xenial
[   19.684893] cloud-init[953]: The key's randomart image is:
[   19.686136] cloud-init[953]: +--[ED25519 256]--+
[   19.687367] cloud-init[953]: |    .o .         |
[   19.688662] cloud-init[953]: |    . o +   .    |
[   19.690015] cloud-init[953]: |   . o o o +     |
[   19.691413] cloud-init[953]: |. . . .  .= .    |
[   19.692731] cloud-init[953]: |.+    . So .     |
[   19.693900] cloud-init[953]: |+ .  . . o. o    |
[   19.695005] cloud-init[953]: | + .  o =.+B     |
[   19.697387]          Starting iSCSI initiator daemon (iscsid)...
[[0;32m  OK  [0m] Reached target System Initialization.
[[0;32m  OK  [0m] Started Message of the Day.
[[0;32m  OK  [0m] Started Daily Cleanup of Temporary Directories.
[[0;32m  OK  [0m] Started Daily apt download activities.
[[0;32m  OK  [0m] Started Daily apt upgrade and clean activities.
cloud-init[953]: |  = .. o.B*oo    |
[   19.705190] cloud-init[953]: | .+*E+++==...    |
[   19.706973] cloud-init[953]: +----[SHA256]-----+
         Starting LXD - unix socket.
[[0;32m  OK  [0m] Listening on UUID daemon activation socket.
[[0;32m  OK  [0m] Listening on ACPID Listen Socket.
[[0;32m  OK  [0m] Started ACPI Events Check.
[[0;32m  OK  [0m] Reached target Paths.
[[0;32m  OK  [0m] Listening on D-Bus System Message Bus Socket.
         Starting Socket activation for snappy daemon.
[[0;32m  OK  [0m] Reached target Timers.
[[0;32m  OK  [0m] Reached target Cloud-config availability.
[[0;32m  OK  [0m] Listening on LXD - unix socket.
[[0;32m  OK  [0m] Listening on Socket activation for snappy daemon.
[[0;32m  OK  [0m] Reached target Sockets.
[[0;32m  OK  [0m] Reached target Basic System.
         Starting /etc/rc.local Compatibility...
         Starting LXD - container startup/shutdown...
[[0;32m  OK  [0m] Started Deferred execution scheduler.
         Starting Snappy daemon...
[[0;32m  OK  [0m] Started D-Bus System Message Bus.
[[0;32m  OK  [0m] Started ACPI event daemon.
         Starting LSB: Record successful boot for GRUB...
         Starting Pollinate to seed the pseudo random number generator...
[[0;32m  OK  [0m] Started FUSE filesystem for LXC.
         Starting Login Service...
         Starting Virtualbox guest utils...
         Starting Accounts Service...
[[0;32m  OK  [0m] Started Regular background program processing daemon.
         Starting System Logging Service...
         Starting LSB: MD monitoring daemon...
[[0;32m  OK  [0m] Started /etc/rc.local Compatibility.
[[0;32m  OK  [0m] Started iSCSI initiator daemon (iscsid).
         Starting Login to default iSCSI targets...
[[0;32m  OK  [0m] Started Login Service.
[[0;32m  OK  [0m] Started LSB: Record successful boot for GRUB.
[[0;32m  OK  [0m] Started LSB: MD monitoring daemon.
[[0;32m  OK  [0m] Started Unattended Upgrades Shutdown.
[[0;32m  OK  [0m] Started Login to default iSCSI targets.
[[0;32m  OK  [0m] Reached target Remote File Systems (Pre).
[[0;32m  OK  [0m] Reached target Remote File Systems.
         Starting Permit User Sessions...
         Starting LSB: daemon to balance interrupts for SMP systems...
         Starting LSB: automatic crash report generation...
         Starting LSB: Set the CPU Frequency Scaling governor to "ondemand"...
[[0;32m  OK  [0m] Started LSB: Set the CPU Frequency Scaling governor to "ondemand".
[[0;32m  OK  [0m] Started LSB: daemon to balance interrupts for SMP systems.
[[0;32m  OK  [0m] Started Permit User Sessions.
         Starting Terminate Plymouth Boot Screen...
         Starting Hold until boot process finishes up...
[[0;32m  OK  [0m] Started Hold until boot process finishes up.
[[0;32m  OK  [0m] Started Terminate Plymouth Boot Screen.
[[0;32m  OK  [0m] Started Serial Getty on ttyS0.
         Starting Set console scheme...
[[0;32m  OK  [0m] Started Getty on tty1.
[[0;32m  OK  [0m] Reached target Login Prompts.
[[0;32m  OK  [0m] Started LSB: automatic crash report generation.
[[0;32m  OK  [0m] Started Set console scheme.
[[0;32m  OK  [0m] Started System Logging Service.
[[0;32m  OK  [0m] Started Virtualbox guest utils.
         Starting Authenticate and Authorize Users to Run Privileged Tasks...
[[0;32m  OK  [0m] Started Snappy daemon.
         Starting Wait until snapd is fully seeded...
[[0;32m  OK  [0m] Started Authenticate and Authorize Users to Run Privileged Tasks.
[[0;32m  OK  [0m] Started Accounts Service.
[[0;32m  OK  [0m] Started LXD - container startup/shutdown.
[[0;32m  OK  [0m] Started Pollinate to seed the pseudo random number generator.
         Starting OpenBSD Secure Shell server...
[[0;32m  OK  [0m] Started OpenBSD Secure Shell server.
[[0;32m  OK  [0m] Created slice User Slice of vagrant.
         Starting User Manager for UID 1000...
[[0;32m  OK  [0m] Started Session 1 of user vagrant.
[[0;32m  OK  [0m] Started User Manager for UID 1000.

Ubuntu 16.04.6 LTS ubuntu-xenial ttyS0

ubuntu-xenial login: [   32.738108] cloud-init[1493]: Generating locales (this might take a while)...
[   34.254642] cloud-init[1493]:   en_US.UTF-8... done
[   34.256266] cloud-init[1493]: Generation complete.
[   35.628289] cloud-init[1493]: Cloud-init v. 19.2-36-g059d049c-0ubuntu2~16.04.1 running 'modules:config' at Sat, 02 Nov 2019 14:04:34 +0000. Up 32.44 seconds.
ci-info: no authorized ssh keys fingerprints found for user ubuntu.
<14>Nov  2 14:04:39 ec2: 
<14>Nov  2 14:04:39 ec2: #############################################################
<14>Nov  2 14:04:39 ec2: -----BEGIN SSH HOST KEY FINGERPRINTS-----
<14>Nov  2 14:04:39 ec2: 1024 SHA256:iB31LfQjpwqqYt6+p9SHncX0ZlcKNErDgFseCz9vI2o root@ubuntu-xenial (DSA)
<14>Nov  2 14:04:39 ec2: 256 SHA256:ehscGSdhFdSpOv1mkSA30m1TI2Je8X9hscxuOryKAUk root@ubuntu-xenial (ECDSA)
<14>Nov  2 14:04:39 ec2: 256 SHA256:KT63j3q17aAx2aOXZk0GTWoGItE9iqiT8M65O/62v5o root@ubuntu-xenial (ED25519)
<14>Nov  2 14:04:39 ec2: 2048 SHA256:nBwjmBdB6b5nAPPJRtmiziKegpUb1AvslcK/5N5SaKE root@ubuntu-xenial (RSA)
<14>Nov  2 14:04:39 ec2: -----END SSH HOST KEY FINGERPRINTS-----
<14>Nov  2 14:04:39 ec2: #############################################################
-----BEGIN SSH HOST KEY KEYS-----
ecdsa-sha2-nistp256 AAAAE2VjZHNhLXNoYTItbmlzdHAyNTYAAAAIbmlzdHAyNTYAAABBBMnlGKqEbwbKdT4k2aOFrVtxcY5g3PjkDeS6AeajWyd1HsTrAvlZFHu+RsdKaI4zGGx4IT6/nEelj3qJ8rX7C+Y= root@ubuntu-xenial
ssh-ed25519 AAAAC3NzaC1lZDI1NTE5AAAAIPQaWYZnYBMM7dGCeI509YSeGCkGqwPlhf6lGsPOUKpn root@ubuntu-xenial
ssh-rsa AAAAB3NzaC1yc2EAAAADAQABAAABAQCpcRuqILASvsU4n75e/TGmU7fQyvt7VIv0rQisU7OUg/oa5NB/FpZANvIEWQD2PhR5npXcnaAbENXeOlz2LsMmzQPGShaBSZFqM9VN21OAJk7blSjkZEVBR2JHb+MNem4xtCj1fbgx/K4QBJP5vye+nkypqP9paRSbezMnJTrSwNwtrTc7orcx1PkA6XfBLCx5LF7sv7BVeil4FDAbc7LDVNCmDFITIeG+UNtaJIvDMUI10QTMY2IlyFJBBZ/P2neN6W9FNljbRoDa08Ncl3K+WkCSNt50rVS5VwYuNNUN7KrZwTYXAYgx4OOeSAZIh/LgUz1p6K1dV7oRRTwNizSR root@ubuntu-xenial
-----END SSH HOST KEY KEYS-----
[   36.856158] cloud-init[1690]: Cloud-init v. 19.2-36-g059d049c-0ubuntu2~16.04.1 running 'modules:final' at Sat, 02 Nov 2019 14:04:38 +0000. Up 36.25 seconds.
[   36.857195] cloud-init[1690]: ci-info: no authorized ssh keys fingerprints found for user ubuntu.
[   36.858295] cloud-init[1690]: Cloud-init v. 19.2-36-g059d049c-0ubuntu2~16.04.1 finished at Sat, 02 Nov 2019 14:04:39 +0000. Datasource DataSourceNoCloud [seed=/dev/sdb][dsmode=net].  Up 36.84 seconds
